0 verbose cli /usr/local/bin/node /usr/local/bin/npm
1 info using npm@10.9.3
2 info using node@v22.19.0
3 silly config load:file:/usr/local/lib/node_modules/npm/npmrc
4 silly config load:file:/Users/sanikavekhande/Documents/Github/deco3000_funtimes/founder-burnout-game/.npmrc
5 silly config load:file:/Users/sanikavekhande/.npmrc
6 silly config load:file:/usr/local/etc/npmrc
7 verbose title npm install
8 verbose argv "install" "--cache" ".npm-cache" "--prefer-offline"
9 verbose logfile logs-max:10 dir:/Users/sanikavekhande/Documents/Github/deco3000_funtimes/founder-burnout-game/.npm-cache/_logs/2025-10-30T03_47_03_596Z-
10 verbose logfile /Users/sanikavekhande/Documents/Github/deco3000_funtimes/founder-burnout-game/.npm-cache/_logs/2025-10-30T03_47_03_596Z-debug-0.log
11 silly logfile done cleaning log files
12 silly packumentCache heap:4345298944 maxSize:1086324736 maxEntrySize:543162368
13 silly idealTree buildDeps
14 silly reify mark retired [
14 silly reify   '/Users/sanikavekhande/Documents/Github/deco3000_funtimes/founder-burnout-game/node_modules/body-parser'
14 silly reify ]
15 silly reify mark retired [
15 silly reify   '/Users/sanikavekhande/Documents/Github/deco3000_funtimes/founder-burnout-game/node_modules/call-bound'
15 silly reify ]
16 silly reify mark retired [
16 silly reify   '/Users/sanikavekhande/Documents/Github/deco3000_funtimes/founder-burnout-game/node_modules/brace-expansion'
16 silly reify ]
17 silly reify mark retired [
17 silly reify   '/Users/sanikavekhande/Documents/Github/deco3000_funtimes/founder-burnout-game/node_modules/es-object-atoms'
17 silly reify ]
18 silly reify mark retired [
18 silly reify   '/Users/sanikavekhande/Documents/Github/deco3000_funtimes/founder-burnout-game/node_modules/forwarded'
18 silly reify ]
19 silly reify mark retired [
19 silly reify   '/Users/sanikavekhande/Documents/Github/deco3000_funtimes/founder-burnout-game/node_modules/hasown'
19 silly reify ]
20 silly reify mark retired [
20 silly reify   '/Users/sanikavekhande/Documents/Github/deco3000_funtimes/founder-burnout-game/node_modules/iconv-lite'
20 silly reify ]
21 silly reify mark retired [
21 silly reify   '/Users/sanikavekhande/Documents/Github/deco3000_funtimes/founder-burnout-game/node_modules/inherits'
21 silly reify ]
22 silly reify mark retired [
22 silly reify   '/Users/sanikavekhande/Documents/Github/deco3000_funtimes/founder-burnout-game/node_modules/ipaddr.js'
22 silly reify ]
23 silly reify mark retired [
23 silly reify   '/Users/sanikavekhande/Documents/Github/deco3000_funtimes/founder-burnout-game/node_modules/is-extglob'
23 silly reify ]
24 silly reify mark retired [
24 silly reify   '/Users/sanikavekhande/Documents/Github/deco3000_funtimes/founder-burnout-game/node_modules/is-glob'
24 silly reify ]
25 silly reify mark retired [
25 silly reify   '/Users/sanikavekhande/Documents/Github/deco3000_funtimes/founder-burnout-game/node_modules/is-number'
25 silly reify ]
26 silly reify mark retired [
26 silly reify   '/Users/sanikavekhande/Documents/Github/deco3000_funtimes/founder-burnout-game/node_modules/is-promise'
26 silly reify ]
27 silly reify mark retired [
27 silly reify   '/Users/sanikavekhande/Documents/Github/deco3000_funtimes/founder-burnout-game/node_modules/math-intrinsics'
27 silly reify ]
28 silly reify mark retired [
28 silly reify   '/Users/sanikavekhande/Documents/Github/deco3000_funtimes/founder-burnout-game/node_modules/merge-descriptors'
28 silly reify ]
29 silly reify mark retired [
29 silly reify   '/Users/sanikavekhande/Documents/Github/deco3000_funtimes/founder-burnout-game/node_modules/minimatch'
29 silly reify ]
30 silly reify mark retired [
30 silly reify   '/Users/sanikavekhande/Documents/Github/deco3000_funtimes/founder-burnout-game/node_modules/nodemon'
30 silly reify ]
31 silly reify moves {
31 silly reify   '/Users/sanikavekhande/Documents/Github/deco3000_funtimes/founder-burnout-game/node_modules/body-parser': '/Users/sanikavekhande/Documents/Github/deco3000_funtimes/founder-burnout-game/node_modules/.body-parser-OjJ2Sz7x',
31 silly reify   '/Users/sanikavekhande/Documents/Github/deco3000_funtimes/founder-burnout-game/node_modules/call-bound': '/Users/sanikavekhande/Documents/Github/deco3000_funtimes/founder-burnout-game/node_modules/.call-bound-cd7cQerh',
31 silly reify   '/Users/sanikavekhande/Documents/Github/deco3000_funtimes/founder-burnout-game/node_modules/brace-expansion': '/Users/sanikavekhande/Documents/Github/deco3000_funtimes/founder-burnout-game/node_modules/.brace-expansion-J8pxFp3v',
31 silly reify   '/Users/sanikavekhande/Documents/Github/deco3000_funtimes/founder-burnout-game/node_modules/es-object-atoms': '/Users/sanikavekhande/Documents/Github/deco3000_funtimes/founder-burnout-game/node_modules/.es-object-atoms-f6qZYbVZ',
31 silly reify   '/Users/sanikavekhande/Documents/Github/deco3000_funtimes/founder-burnout-game/node_modules/forwarded': '/Users/sanikavekhande/Documents/Github/deco3000_funtimes/founder-burnout-game/node_modules/.forwarded-y4XXus0Y',
31 silly reify   '/Users/sanikavekhande/Documents/Github/deco3000_funtimes/founder-burnout-game/node_modules/hasown': '/Users/sanikavekhande/Documents/Github/deco3000_funtimes/founder-burnout-game/node_modules/.hasown-ZLNpF4Td',
31 silly reify   '/Users/sanikavekhande/Documents/Github/deco3000_funtimes/founder-burnout-game/node_modules/iconv-lite': '/Users/sanikavekhande/Documents/Github/deco3000_funtimes/founder-burnout-game/node_modules/.iconv-lite-JaxAjGKQ',
31 silly reify   '/Users/sanikavekhande/Documents/Github/deco3000_funtimes/founder-burnout-game/node_modules/inherits': '/Users/sanikavekhande/Documents/Github/deco3000_funtimes/founder-burnout-game/node_modules/.inherits-LLbv49mI',
31 silly reify   '/Users/sanikavekhande/Documents/Github/deco3000_funtimes/founder-burnout-game/node_modules/ipaddr.js': '/Users/sanikavekhande/Documents/Github/deco3000_funtimes/founder-burnout-game/node_modules/.ipaddr.js-snE4WiSR',
31 silly reify   '/Users/sanikavekhande/Documents/Github/deco3000_funtimes/founder-burnout-game/node_modules/is-extglob': '/Users/sanikavekhande/Documents/Github/deco3000_funtimes/founder-burnout-game/node_modules/.is-extglob-WwTKFQrC',
31 silly reify   '/Users/sanikavekhande/Documents/Github/deco3000_funtimes/founder-burnout-game/node_modules/is-glob': '/Users/sanikavekhande/Documents/Github/deco3000_funtimes/founder-burnout-game/node_modules/.is-glob-An2VINzp',
31 silly reify   '/Users/sanikavekhande/Documents/Github/deco3000_funtimes/founder-burnout-game/node_modules/is-number': '/Users/sanikavekhande/Documents/Github/deco3000_funtimes/founder-burnout-game/node_modules/.is-number-Q0UUfhVY',
31 silly reify   '/Users/sanikavekhande/Documents/Github/deco3000_funtimes/founder-burnout-game/node_modules/is-promise': '/Users/sanikavekhande/Documents/Github/deco3000_funtimes/founder-burnout-game/node_modules/.is-promise-Ibhf9pwK',
31 silly reify   '/Users/sanikavekhande/Documents/Github/deco3000_funtimes/founder-burnout-game/node_modules/math-intrinsics': '/Users/sanikavekhande/Documents/Github/deco3000_funtimes/founder-burnout-game/node_modules/.math-intrinsics-i728odSJ',
31 silly reify   '/Users/sanikavekhande/Documents/Github/deco3000_funtimes/founder-burnout-game/node_modules/merge-descriptors': '/Users/sanikavekhande/Documents/Github/deco3000_funtimes/founder-burnout-game/node_modules/.merge-descriptors-Is8MCekP',
31 silly reify   '/Users/sanikavekhande/Documents/Github/deco3000_funtimes/founder-burnout-game/node_modules/minimatch': '/Users/sanikavekhande/Documents/Github/deco3000_funtimes/founder-burnout-game/node_modules/.minimatch-TGyyufEs',
31 silly reify   '/Users/sanikavekhande/Documents/Github/deco3000_funtimes/founder-burnout-game/node_modules/nodemon': '/Users/sanikavekhande/Documents/Github/deco3000_funtimes/founder-burnout-game/node_modules/.nodemon-9zqInI4n'
31 silly reify }
32 silly audit bulk request {
32 silly audit   '@google/generative-ai': [ '0.24.1' ],
32 silly audit   accepts: [ '2.0.0' ],
32 silly audit   anymatch: [ '3.1.3' ],
32 silly audit   'balanced-match': [ '1.0.2' ],
32 silly audit   'binary-extensions': [ '2.3.0' ],
32 silly audit   'body-parser': [ '2.2.0' ],
32 silly audit   'brace-expansion': [ '1.1.12' ],
32 silly audit   braces: [ '3.0.3' ],
32 silly audit   bytes: [ '3.1.2' ],
32 silly audit   'call-bind-apply-helpers': [ '1.0.2' ],
32 silly audit   'call-bound': [ '1.0.4' ],
32 silly audit   chokidar: [ '3.6.0' ],
32 silly audit   'concat-map': [ '0.0.1' ],
32 silly audit   'content-disposition': [ '1.0.0' ],
32 silly audit   'content-type': [ '1.0.5' ],
32 silly audit   cookie: [ '0.7.2' ],
32 silly audit   'cookie-signature': [ '1.2.2' ],
32 silly audit   cors: [ '2.8.5' ],
32 silly audit   debug: [ '4.4.3' ],
32 silly audit   depd: [ '2.0.0' ],
32 silly audit   dotenv: [ '17.2.3' ],
32 silly audit   'dunder-proto': [ '1.0.1' ],
32 silly audit   'ee-first': [ '1.1.1' ],
32 silly audit   encodeurl: [ '2.0.0' ],
32 silly audit   'es-define-property': [ '1.0.1' ],
32 silly audit   'es-errors': [ '1.3.0' ],
32 silly audit   'es-object-atoms': [ '1.1.1' ],
32 silly audit   'escape-html': [ '1.0.3' ],
32 silly audit   etag: [ '1.8.1' ],
32 silly audit   express: [ '5.1.0' ],
32 silly audit   'fill-range': [ '7.1.1' ],
32 silly audit   finalhandler: [ '2.1.0' ],
32 silly audit   forwarded: [ '0.2.0' ],
32 silly audit   fresh: [ '2.0.0' ],
32 silly audit   fsevents: [ '2.3.3' ],
32 silly audit   'function-bind': [ '1.1.2' ],
32 silly audit   'get-intrinsic': [ '1.3.0' ],
32 silly audit   'get-proto': [ '1.0.1' ],
32 silly audit   'glob-parent': [ '5.1.2' ],
32 silly audit   gopd: [ '1.2.0' ],
32 silly audit   'has-flag': [ '3.0.0' ],
32 silly audit   'has-symbols': [ '1.1.0' ],
32 silly audit   hasown: [ '2.0.2' ],
32 silly audit   'http-errors': [ '2.0.0' ],
32 silly audit   statuses: [ '2.0.1', '2.0.2' ],
32 silly audit   'iconv-lite': [ '0.6.3', '0.7.0' ],
32 silly audit   'ignore-by-default': [ '1.0.1' ],
32 silly audit   inherits: [ '2.0.4' ],
32 silly audit   'ipaddr.js': [ '1.9.1' ],
32 silly audit   'is-binary-path': [ '2.1.0' ],
32 silly audit   'is-extglob': [ '2.1.1' ],
32 silly audit   'is-glob': [ '4.0.3' ],
32 silly audit   'is-number': [ '7.0.0' ],
32 silly audit   'is-promise': [ '4.0.0' ],
32 silly audit   'math-intrinsics': [ '1.1.0' ],
32 silly audit   'media-typer': [ '1.1.0' ],
32 silly audit   'merge-descriptors': [ '2.0.0' ],
32 silly audit   'mime-db': [ '1.54.0' ],
32 silly audit   'mime-types': [ '3.0.1' ],
32 silly audit   minimatch: [ '3.1.2' ],
32 silly audit   ms: [ '2.1.3' ],
32 silly audit   negotiator: [ '1.0.0' ],
32 silly audit   nodemon: [ '3.1.10' ],
32 silly audit   'normalize-path': [ '3.0.0' ],
32 silly audit   'object-assign': [ '4.1.1' ],
32 silly audit   'object-inspect': [ '1.13.4' ],
32 silly audit   'on-finished': [ '2.4.1' ],
32 silly audit   once: [ '1.4.0' ],
32 silly audit   parseurl: [ '1.3.3' ],
32 silly audit   'path-to-regexp': [ '8.3.0' ],
32 silly audit   picomatch: [ '2.3.1' ],
32 silly audit   'proxy-addr': [ '2.0.7' ],
32 silly audit   'pstree.remy': [ '1.1.8' ],
32 silly audit   qs: [ '6.14.0' ],
32 silly audit   'range-parser': [ '1.2.1' ],
32 silly audit   'raw-body': [ '3.0.1' ],
32 silly audit   readdirp: [ '3.6.0' ],
32 silly audit   router: [ '2.2.0' ],
32 silly audit   'safe-buffer': [ '5.2.1' ],
32 silly audit   'safer-buffer': [ '2.1.2' ],
32 silly audit   semver: [ '7.7.3' ],
32 silly audit   send: [ '1.2.0' ],
32 silly audit   'serve-static': [ '2.2.0' ],
32 silly audit   setprototypeof: [ '1.2.0' ],
32 silly audit   'side-channel': [ '1.1.0' ],
32 silly audit   'side-channel-list': [ '1.0.0' ],
32 silly audit   'side-channel-map': [ '1.0.1' ],
32 silly audit   'side-channel-weakmap': [ '1.0.2' ],
32 silly audit   'simple-update-notifier': [ '2.0.0' ],
32 silly audit   'supports-color': [ '5.5.0' ],
32 silly audit   'to-regex-range': [ '5.0.1' ],
32 silly audit   toidentifier: [ '1.0.1' ],
32 silly audit   touch: [ '3.1.1' ],
32 silly audit   'type-is': [ '2.0.1' ],
32 silly audit   undefsafe: [ '2.0.5' ],
32 silly audit   unpipe: [ '1.0.0' ],
32 silly audit   vary: [ '1.1.2' ],
32 silly audit   wrappy: [ '1.0.2' ]
32 silly audit }
33 http cache wrappy@https://registry.npmjs.org/wrappy/-/wrappy-1.0.2.tgz 0ms (cache hit)
34 http cache unpipe@https://registry.npmjs.org/unpipe/-/unpipe-1.0.0.tgz 0ms (cache hit)
35 http cache vary@https://registry.npmjs.org/vary/-/vary-1.1.2.tgz 0ms (cache hit)
36 http cache undefsafe@https://registry.npmjs.org/undefsafe/-/undefsafe-2.0.5.tgz 0ms (cache hit)
37 http cache touch@https://registry.npmjs.org/touch/-/touch-3.1.1.tgz 0ms (cache hit)
38 http cache toidentifier@https://registry.npmjs.org/toidentifier/-/toidentifier-1.0.1.tgz 0ms (cache hit)
39 http cache to-regex-range@https://registry.npmjs.org/to-regex-range/-/to-regex-range-5.0.1.tgz 0ms (cache hit)
40 http cache type-is@https://registry.npmjs.org/type-is/-/type-is-2.0.1.tgz 0ms (cache hit)
41 http cache supports-color@https://registry.npmjs.org/supports-color/-/supports-color-5.5.0.tgz 0ms (cache hit)
42 http cache statuses@https://registry.npmjs.org/statuses/-/statuses-2.0.2.tgz 0ms (cache hit)
43 http cache simple-update-notifier@https://registry.npmjs.org/simple-update-notifier/-/simple-update-notifier-2.0.0.tgz 0ms (cache hit)
44 http cache side-channel-weakmap@https://registry.npmjs.org/side-channel-weakmap/-/side-channel-weakmap-1.0.2.tgz 0ms (cache hit)
45 http cache side-channel-list@https://registry.npmjs.org/side-channel-list/-/side-channel-list-1.0.0.tgz 0ms (cache hit)
46 http cache side-channel@https://registry.npmjs.org/side-channel/-/side-channel-1.1.0.tgz 0ms (cache hit)
47 http cache side-channel-map@https://registry.npmjs.org/side-channel-map/-/side-channel-map-1.0.1.tgz 0ms (cache hit)
48 http cache setprototypeof@https://registry.npmjs.org/setprototypeof/-/setprototypeof-1.2.0.tgz 0ms (cache hit)
49 http cache send@https://registry.npmjs.org/send/-/send-1.2.0.tgz 0ms (cache hit)
50 http cache semver@https://registry.npmjs.org/semver/-/semver-7.7.3.tgz 0ms (cache hit)
51 http cache safe-buffer@https://registry.npmjs.org/safe-buffer/-/safe-buffer-5.2.1.tgz 0ms (cache hit)
52 http cache safer-buffer@https://registry.npmjs.org/safer-buffer/-/safer-buffer-2.1.2.tgz 0ms (cache hit)
53 http cache router@https://registry.npmjs.org/router/-/router-2.2.0.tgz 0ms (cache hit)
54 http cache readdirp@https://registry.npmjs.org/readdirp/-/readdirp-3.6.0.tgz 0ms (cache hit)
55 http cache serve-static@https://registry.npmjs.org/serve-static/-/serve-static-2.2.0.tgz 0ms (cache hit)
56 http cache range-parser@https://registry.npmjs.org/range-parser/-/range-parser-1.2.1.tgz 0ms (cache hit)
57 http cache pstree.remy@https://registry.npmjs.org/pstree.remy/-/pstree.remy-1.1.8.tgz 0ms (cache hit)
58 http cache raw-body@https://registry.npmjs.org/raw-body/-/raw-body-3.0.1.tgz 0ms (cache hit)
59 http cache proxy-addr@https://registry.npmjs.org/proxy-addr/-/proxy-addr-2.0.7.tgz 0ms (cache hit)
60 http cache qs@https://registry.npmjs.org/qs/-/qs-6.14.0.tgz 0ms (cache hit)
61 http cache parseurl@https://registry.npmjs.org/parseurl/-/parseurl-1.3.3.tgz 0ms (cache hit)
62 http cache path-to-regexp@https://registry.npmjs.org/path-to-regexp/-/path-to-regexp-8.3.0.tgz 0ms (cache hit)
63 http cache on-finished@https://registry.npmjs.org/on-finished/-/on-finished-2.4.1.tgz 0ms (cache hit)
64 http cache picomatch@https://registry.npmjs.org/picomatch/-/picomatch-2.3.1.tgz 0ms (cache hit)
65 http cache object-assign@https://registry.npmjs.org/object-assign/-/object-assign-4.1.1.tgz 0ms (cache hit)
66 http cache normalize-path@https://registry.npmjs.org/normalize-path/-/normalize-path-3.0.0.tgz 0ms (cache hit)
67 http cache negotiator@https://registry.npmjs.org/negotiator/-/negotiator-1.0.0.tgz 0ms (cache hit)
68 http cache ms@https://registry.npmjs.org/ms/-/ms-2.1.3.tgz 0ms (cache hit)
69 http cache once@https://registry.npmjs.org/once/-/once-1.4.0.tgz 0ms (cache hit)
70 http cache mime-types@https://registry.npmjs.org/mime-types/-/mime-types-3.0.1.tgz 0ms (cache hit)
71 http cache object-inspect@https://registry.npmjs.org/object-inspect/-/object-inspect-1.13.4.tgz 0ms (cache hit)
72 http cache mime-db@https://registry.npmjs.org/mime-db/-/mime-db-1.54.0.tgz 0ms (cache hit)
73 http cache media-typer@https://registry.npmjs.org/media-typer/-/media-typer-1.1.0.tgz 0ms (cache hit)
74 http cache ignore-by-default@https://registry.npmjs.org/ignore-by-default/-/ignore-by-default-1.0.1.tgz 0ms (cache hit)
75 http cache has-symbols@https://registry.npmjs.org/has-symbols/-/has-symbols-1.1.0.tgz 0ms (cache hit)
76 http cache is-binary-path@https://registry.npmjs.org/is-binary-path/-/is-binary-path-2.1.0.tgz 0ms (cache hit)
77 http cache http-errors@https://registry.npmjs.org/http-errors/-/http-errors-2.0.0.tgz 0ms (cache hit)
78 http cache glob-parent@https://registry.npmjs.org/glob-parent/-/glob-parent-5.1.2.tgz 0ms (cache hit)
79 http cache get-proto@https://registry.npmjs.org/get-proto/-/get-proto-1.0.1.tgz 0ms (cache hit)
80 http cache gopd@https://registry.npmjs.org/gopd/-/gopd-1.2.0.tgz 0ms (cache hit)
81 http cache function-bind@https://registry.npmjs.org/function-bind/-/function-bind-1.1.2.tgz 0ms (cache hit)
82 http cache get-intrinsic@https://registry.npmjs.org/get-intrinsic/-/get-intrinsic-1.3.0.tgz 0ms (cache hit)
83 http cache fsevents@https://registry.npmjs.org/fsevents/-/fsevents-2.3.3.tgz 0ms (cache hit)
84 http cache has-flag@https://registry.npmjs.org/has-flag/-/has-flag-3.0.0.tgz 0ms (cache hit)
85 http cache fresh@https://registry.npmjs.org/fresh/-/fresh-2.0.0.tgz 0ms (cache hit)
86 http cache fill-range@https://registry.npmjs.org/fill-range/-/fill-range-7.1.1.tgz 0ms (cache hit)
87 http cache express@https://registry.npmjs.org/express/-/express-5.1.0.tgz 0ms (cache hit)
88 http cache finalhandler@https://registry.npmjs.org/finalhandler/-/finalhandler-2.1.0.tgz 0ms (cache hit)
89 http cache escape-html@https://registry.npmjs.org/escape-html/-/escape-html-1.0.3.tgz 0ms (cache hit)
90 http cache es-errors@https://registry.npmjs.org/es-errors/-/es-errors-1.3.0.tgz 0ms (cache hit)
91 http cache encodeurl@https://registry.npmjs.org/encodeurl/-/encodeurl-2.0.0.tgz 0ms (cache hit)
92 http cache es-define-property@https://registry.npmjs.org/es-define-property/-/es-define-property-1.0.1.tgz 0ms (cache hit)
93 http cache etag@https://registry.npmjs.org/etag/-/etag-1.8.1.tgz 0ms (cache hit)
94 http cache ee-first@https://registry.npmjs.org/ee-first/-/ee-first-1.1.1.tgz 0ms (cache hit)
95 http cache dunder-proto@https://registry.npmjs.org/dunder-proto/-/dunder-proto-1.0.1.tgz 0ms (cache hit)
96 http cache dotenv@https://registry.npmjs.org/dotenv/-/dotenv-17.2.3.tgz 0ms (cache hit)
97 http cache depd@https://registry.npmjs.org/depd/-/depd-2.0.0.tgz 0ms (cache hit)
98 http cache debug@https://registry.npmjs.org/debug/-/debug-4.4.3.tgz 0ms (cache hit)
99 http cache cors@https://registry.npmjs.org/cors/-/cors-2.8.5.tgz 0ms (cache hit)
100 http cache cookie@https://registry.npmjs.org/cookie/-/cookie-0.7.2.tgz 0ms (cache hit)
101 http cache content-type@https://registry.npmjs.org/content-type/-/content-type-1.0.5.tgz 0ms (cache hit)
102 http cache cookie-signature@https://registry.npmjs.org/cookie-signature/-/cookie-signature-1.2.2.tgz 0ms (cache hit)
103 http cache content-disposition@https://registry.npmjs.org/content-disposition/-/content-disposition-1.0.0.tgz 0ms (cache hit)
104 http cache chokidar@https://registry.npmjs.org/chokidar/-/chokidar-3.6.0.tgz 0ms (cache hit)
105 http cache concat-map@https://registry.npmjs.org/concat-map/-/concat-map-0.0.1.tgz 0ms (cache hit)
106 http cache braces@https://registry.npmjs.org/braces/-/braces-3.0.3.tgz 0ms (cache hit)
107 http cache call-bind-apply-helpers@https://registry.npmjs.org/call-bind-apply-helpers/-/call-bind-apply-helpers-1.0.2.tgz 0ms (cache hit)
108 http cache binary-extensions@https://registry.npmjs.org/binary-extensions/-/binary-extensions-2.3.0.tgz 0ms (cache hit)
109 http cache balanced-match@https://registry.npmjs.org/balanced-match/-/balanced-match-1.0.2.tgz 0ms (cache hit)
110 http cache bytes@https://registry.npmjs.org/bytes/-/bytes-3.1.2.tgz 1ms (cache hit)
111 http cache anymatch@https://registry.npmjs.org/anymatch/-/anymatch-3.1.3.tgz 0ms (cache hit)
112 http cache accepts@https://registry.npmjs.org/accepts/-/accepts-2.0.0.tgz 0ms (cache hit)
113 http cache @google/generative-ai@https://registry.npmjs.org/@google/generative-ai/-/generative-ai-0.24.1.tgz 0ms (cache hit)
114 http cache nodemon@https://registry.npmjs.org/nodemon/-/nodemon-3.1.10.tgz 0ms (cache hit)
115 http cache minimatch@https://registry.npmjs.org/minimatch/-/minimatch-3.1.2.tgz 0ms (cache hit)
116 http cache merge-descriptors@https://registry.npmjs.org/merge-descriptors/-/merge-descriptors-2.0.0.tgz 0ms (cache hit)
117 http cache is-number@https://registry.npmjs.org/is-number/-/is-number-7.0.0.tgz 0ms (cache hit)
118 http cache is-promise@https://registry.npmjs.org/is-promise/-/is-promise-4.0.0.tgz 0ms (cache hit)
119 http cache math-intrinsics@https://registry.npmjs.org/math-intrinsics/-/math-intrinsics-1.1.0.tgz 0ms (cache hit)
120 http cache is-glob@https://registry.npmjs.org/is-glob/-/is-glob-4.0.3.tgz 0ms (cache hit)
121 http cache inherits@https://registry.npmjs.org/inherits/-/inherits-2.0.4.tgz 0ms (cache hit)
122 http cache ipaddr.js@https://registry.npmjs.org/ipaddr.js/-/ipaddr.js-1.9.1.tgz 0ms (cache hit)
123 http cache iconv-lite@https://registry.npmjs.org/iconv-lite/-/iconv-lite-0.6.3.tgz 0ms (cache hit)
124 http cache hasown@https://registry.npmjs.org/hasown/-/hasown-2.0.2.tgz 0ms (cache hit)
125 http cache forwarded@https://registry.npmjs.org/forwarded/-/forwarded-0.2.0.tgz 0ms (cache hit)
126 http cache is-extglob@https://registry.npmjs.org/is-extglob/-/is-extglob-2.1.1.tgz 0ms (cache hit)
127 http cache es-object-atoms@https://registry.npmjs.org/es-object-atoms/-/es-object-atoms-1.1.1.tgz 0ms (cache hit)
128 http cache brace-expansion@https://registry.npmjs.org/brace-expansion/-/brace-expansion-1.1.12.tgz 0ms (cache hit)
129 http cache call-bound@https://registry.npmjs.org/call-bound/-/call-bound-1.0.4.tgz 0ms (cache hit)
130 http cache iconv-lite@https://registry.npmjs.org/iconv-lite/-/iconv-lite-0.7.0.tgz 0ms (cache hit)
131 http cache statuses@https://registry.npmjs.org/statuses/-/statuses-2.0.1.tgz 0ms (cache hit)
132 http cache body-parser@https://registry.npmjs.org/body-parser/-/body-parser-2.2.0.tgz 0ms (cache hit)
133 silly tarball no local data for wrappy@https://registry.npmjs.org/wrappy/-/wrappy-1.0.2.tgz. Extracting by manifest.
134 silly tarball no local data for unpipe@https://registry.npmjs.org/unpipe/-/unpipe-1.0.0.tgz. Extracting by manifest.
135 silly tarball no local data for vary@https://registry.npmjs.org/vary/-/vary-1.1.2.tgz. Extracting by manifest.
136 silly tarball no local data for undefsafe@https://registry.npmjs.org/undefsafe/-/undefsafe-2.0.5.tgz. Extracting by manifest.
137 silly tarball no local data for touch@https://registry.npmjs.org/touch/-/touch-3.1.1.tgz. Extracting by manifest.
138 silly tarball no local data for toidentifier@https://registry.npmjs.org/toidentifier/-/toidentifier-1.0.1.tgz. Extracting by manifest.
139 silly tarball no local data for to-regex-range@https://registry.npmjs.org/to-regex-range/-/to-regex-range-5.0.1.tgz. Extracting by manifest.
140 silly tarball no local data for type-is@https://registry.npmjs.org/type-is/-/type-is-2.0.1.tgz. Extracting by manifest.
141 silly tarball no local data for supports-color@https://registry.npmjs.org/supports-color/-/supports-color-5.5.0.tgz. Extracting by manifest.
142 silly tarball no local data for statuses@https://registry.npmjs.org/statuses/-/statuses-2.0.2.tgz. Extracting by manifest.
143 silly tarball no local data for simple-update-notifier@https://registry.npmjs.org/simple-update-notifier/-/simple-update-notifier-2.0.0.tgz. Extracting by manifest.
144 silly tarball no local data for side-channel-weakmap@https://registry.npmjs.org/side-channel-weakmap/-/side-channel-weakmap-1.0.2.tgz. Extracting by manifest.
145 silly tarball no local data for side-channel-list@https://registry.npmjs.org/side-channel-list/-/side-channel-list-1.0.0.tgz. Extracting by manifest.
146 silly tarball no local data for side-channel@https://registry.npmjs.org/side-channel/-/side-channel-1.1.0.tgz. Extracting by manifest.
147 silly tarball no local data for side-channel-map@https://registry.npmjs.org/side-channel-map/-/side-channel-map-1.0.1.tgz. Extracting by manifest.
148 silly tarball no local data for setprototypeof@https://registry.npmjs.org/setprototypeof/-/setprototypeof-1.2.0.tgz. Extracting by manifest.
149 silly tarball no local data for send@https://registry.npmjs.org/send/-/send-1.2.0.tgz. Extracting by manifest.
150 silly tarball no local data for semver@https://registry.npmjs.org/semver/-/semver-7.7.3.tgz. Extracting by manifest.
151 silly tarball no local data for safe-buffer@https://registry.npmjs.org/safe-buffer/-/safe-buffer-5.2.1.tgz. Extracting by manifest.
152 silly tarball no local data for safer-buffer@https://registry.npmjs.org/safer-buffer/-/safer-buffer-2.1.2.tgz. Extracting by manifest.
153 silly tarball no local data for router@https://registry.npmjs.org/router/-/router-2.2.0.tgz. Extracting by manifest.
154 silly tarball no local data for readdirp@https://registry.npmjs.org/readdirp/-/readdirp-3.6.0.tgz. Extracting by manifest.
155 silly tarball no local data for serve-static@https://registry.npmjs.org/serve-static/-/serve-static-2.2.0.tgz. Extracting by manifest.
156 silly tarball no local data for range-parser@https://registry.npmjs.org/range-parser/-/range-parser-1.2.1.tgz. Extracting by manifest.
157 silly tarball no local data for pstree.remy@https://registry.npmjs.org/pstree.remy/-/pstree.remy-1.1.8.tgz. Extracting by manifest.
158 silly tarball no local data for raw-body@https://registry.npmjs.org/raw-body/-/raw-body-3.0.1.tgz. Extracting by manifest.
159 silly tarball no local data for proxy-addr@https://registry.npmjs.org/proxy-addr/-/proxy-addr-2.0.7.tgz. Extracting by manifest.
160 silly tarball no local data for qs@https://registry.npmjs.org/qs/-/qs-6.14.0.tgz. Extracting by manifest.
161 silly tarball no local data for parseurl@https://registry.npmjs.org/parseurl/-/parseurl-1.3.3.tgz. Extracting by manifest.
162 silly tarball no local data for path-to-regexp@https://registry.npmjs.org/path-to-regexp/-/path-to-regexp-8.3.0.tgz. Extracting by manifest.
163 silly tarball no local data for on-finished@https://registry.npmjs.org/on-finished/-/on-finished-2.4.1.tgz. Extracting by manifest.
164 silly tarball no local data for picomatch@https://registry.npmjs.org/picomatch/-/picomatch-2.3.1.tgz. Extracting by manifest.
165 silly tarball no local data for object-assign@https://registry.npmjs.org/object-assign/-/object-assign-4.1.1.tgz. Extracting by manifest.
166 silly tarball no local data for normalize-path@https://registry.npmjs.org/normalize-path/-/normalize-path-3.0.0.tgz. Extracting by manifest.
167 silly tarball no local data for negotiator@https://registry.npmjs.org/negotiator/-/negotiator-1.0.0.tgz. Extracting by manifest.
168 silly tarball no local data for ms@https://registry.npmjs.org/ms/-/ms-2.1.3.tgz. Extracting by manifest.
169 silly tarball no local data for once@https://registry.npmjs.org/once/-/once-1.4.0.tgz. Extracting by manifest.
170 silly tarball no local data for mime-types@https://registry.npmjs.org/mime-types/-/mime-types-3.0.1.tgz. Extracting by manifest.
171 silly tarball no local data for object-inspect@https://registry.npmjs.org/object-inspect/-/object-inspect-1.13.4.tgz. Extracting by manifest.
172 silly tarball no local data for mime-db@https://registry.npmjs.org/mime-db/-/mime-db-1.54.0.tgz. Extracting by manifest.
173 silly tarball no local data for media-typer@https://registry.npmjs.org/media-typer/-/media-typer-1.1.0.tgz. Extracting by manifest.
174 silly tarball no local data for ignore-by-default@https://registry.npmjs.org/ignore-by-default/-/ignore-by-default-1.0.1.tgz. Extracting by manifest.
175 silly tarball no local data for has-symbols@https://registry.npmjs.org/has-symbols/-/has-symbols-1.1.0.tgz. Extracting by manifest.
176 silly tarball no local data for is-binary-path@https://registry.npmjs.org/is-binary-path/-/is-binary-path-2.1.0.tgz. Extracting by manifest.
177 silly tarball no local data for http-errors@https://registry.npmjs.org/http-errors/-/http-errors-2.0.0.tgz. Extracting by manifest.
178 silly tarball no local data for glob-parent@https://registry.npmjs.org/glob-parent/-/glob-parent-5.1.2.tgz. Extracting by manifest.
179 silly tarball no local data for get-proto@https://registry.npmjs.org/get-proto/-/get-proto-1.0.1.tgz. Extracting by manifest.
180 silly tarball no local data for gopd@https://registry.npmjs.org/gopd/-/gopd-1.2.0.tgz. Extracting by manifest.
181 silly tarball no local data for function-bind@https://registry.npmjs.org/function-bind/-/function-bind-1.1.2.tgz. Extracting by manifest.
182 silly tarball no local data for get-intrinsic@https://registry.npmjs.org/get-intrinsic/-/get-intrinsic-1.3.0.tgz. Extracting by manifest.
183 silly tarball no local data for fsevents@https://registry.npmjs.org/fsevents/-/fsevents-2.3.3.tgz. Extracting by manifest.
184 silly tarball no local data for has-flag@https://registry.npmjs.org/has-flag/-/has-flag-3.0.0.tgz. Extracting by manifest.
185 silly tarball no local data for fresh@https://registry.npmjs.org/fresh/-/fresh-2.0.0.tgz. Extracting by manifest.
186 silly tarball no local data for fill-range@https://registry.npmjs.org/fill-range/-/fill-range-7.1.1.tgz. Extracting by manifest.
187 silly tarball no local data for express@https://registry.npmjs.org/express/-/express-5.1.0.tgz. Extracting by manifest.
188 silly tarball no local data for finalhandler@https://registry.npmjs.org/finalhandler/-/finalhandler-2.1.0.tgz. Extracting by manifest.
189 silly tarball no local data for escape-html@https://registry.npmjs.org/escape-html/-/escape-html-1.0.3.tgz. Extracting by manifest.
190 silly tarball no local data for es-errors@https://registry.npmjs.org/es-errors/-/es-errors-1.3.0.tgz. Extracting by manifest.
191 silly tarball no local data for encodeurl@https://registry.npmjs.org/encodeurl/-/encodeurl-2.0.0.tgz. Extracting by manifest.
192 silly tarball no local data for es-define-property@https://registry.npmjs.org/es-define-property/-/es-define-property-1.0.1.tgz. Extracting by manifest.
193 silly tarball no local data for etag@https://registry.npmjs.org/etag/-/etag-1.8.1.tgz. Extracting by manifest.
194 silly tarball no local data for ee-first@https://registry.npmjs.org/ee-first/-/ee-first-1.1.1.tgz. Extracting by manifest.
195 silly tarball no local data for dunder-proto@https://registry.npmjs.org/dunder-proto/-/dunder-proto-1.0.1.tgz. Extracting by manifest.
196 silly tarball no local data for dotenv@https://registry.npmjs.org/dotenv/-/dotenv-17.2.3.tgz. Extracting by manifest.
197 silly tarball no local data for depd@https://registry.npmjs.org/depd/-/depd-2.0.0.tgz. Extracting by manifest.
198 silly tarball no local data for debug@https://registry.npmjs.org/debug/-/debug-4.4.3.tgz. Extracting by manifest.
199 silly tarball no local data for cors@https://registry.npmjs.org/cors/-/cors-2.8.5.tgz. Extracting by manifest.
200 silly tarball no local data for cookie@https://registry.npmjs.org/cookie/-/cookie-0.7.2.tgz. Extracting by manifest.
201 silly tarball no local data for content-type@https://registry.npmjs.org/content-type/-/content-type-1.0.5.tgz. Extracting by manifest.
202 silly tarball no local data for cookie-signature@https://registry.npmjs.org/cookie-signature/-/cookie-signature-1.2.2.tgz. Extracting by manifest.
203 silly tarball no local data for content-disposition@https://registry.npmjs.org/content-disposition/-/content-disposition-1.0.0.tgz. Extracting by manifest.
204 silly tarball no local data for chokidar@https://registry.npmjs.org/chokidar/-/chokidar-3.6.0.tgz. Extracting by manifest.
205 silly tarball no local data for concat-map@https://registry.npmjs.org/concat-map/-/concat-map-0.0.1.tgz. Extracting by manifest.
206 silly tarball no local data for braces@https://registry.npmjs.org/braces/-/braces-3.0.3.tgz. Extracting by manifest.
207 silly tarball no local data for call-bind-apply-helpers@https://registry.npmjs.org/call-bind-apply-helpers/-/call-bind-apply-helpers-1.0.2.tgz. Extracting by manifest.
208 silly tarball no local data for binary-extensions@https://registry.npmjs.org/binary-extensions/-/binary-extensions-2.3.0.tgz. Extracting by manifest.
209 silly tarball no local data for balanced-match@https://registry.npmjs.org/balanced-match/-/balanced-match-1.0.2.tgz. Extracting by manifest.
210 silly tarball no local data for bytes@https://registry.npmjs.org/bytes/-/bytes-3.1.2.tgz. Extracting by manifest.
211 silly tarball no local data for anymatch@https://registry.npmjs.org/anymatch/-/anymatch-3.1.3.tgz. Extracting by manifest.
212 silly tarball no local data for accepts@https://registry.npmjs.org/accepts/-/accepts-2.0.0.tgz. Extracting by manifest.
213 silly tarball no local data for @google/generative-ai@https://registry.npmjs.org/@google/generative-ai/-/generative-ai-0.24.1.tgz. Extracting by manifest.
214 silly tarball no local data for nodemon@https://registry.npmjs.org/nodemon/-/nodemon-3.1.10.tgz. Extracting by manifest.
215 silly tarball no local data for minimatch@https://registry.npmjs.org/minimatch/-/minimatch-3.1.2.tgz. Extracting by manifest.
216 silly tarball no local data for merge-descriptors@https://registry.npmjs.org/merge-descriptors/-/merge-descriptors-2.0.0.tgz. Extracting by manifest.
217 silly tarball no local data for is-number@https://registry.npmjs.org/is-number/-/is-number-7.0.0.tgz. Extracting by manifest.
218 silly tarball no local data for is-promise@https://registry.npmjs.org/is-promise/-/is-promise-4.0.0.tgz. Extracting by manifest.
219 silly tarball no local data for math-intrinsics@https://registry.npmjs.org/math-intrinsics/-/math-intrinsics-1.1.0.tgz. Extracting by manifest.
220 silly tarball no local data for is-glob@https://registry.npmjs.org/is-glob/-/is-glob-4.0.3.tgz. Extracting by manifest.
221 silly tarball no local data for inherits@https://registry.npmjs.org/inherits/-/inherits-2.0.4.tgz. Extracting by manifest.
222 silly tarball no local data for ipaddr.js@https://registry.npmjs.org/ipaddr.js/-/ipaddr.js-1.9.1.tgz. Extracting by manifest.
223 silly tarball no local data for iconv-lite@https://registry.npmjs.org/iconv-lite/-/iconv-lite-0.6.3.tgz. Extracting by manifest.
224 silly tarball no local data for hasown@https://registry.npmjs.org/hasown/-/hasown-2.0.2.tgz. Extracting by manifest.
225 silly tarball no local data for forwarded@https://registry.npmjs.org/forwarded/-/forwarded-0.2.0.tgz. Extracting by manifest.
226 silly tarball no local data for is-extglob@https://registry.npmjs.org/is-extglob/-/is-extglob-2.1.1.tgz. Extracting by manifest.
227 silly tarball no local data for es-object-atoms@https://registry.npmjs.org/es-object-atoms/-/es-object-atoms-1.1.1.tgz. Extracting by manifest.
228 silly tarball no local data for brace-expansion@https://registry.npmjs.org/brace-expansion/-/brace-expansion-1.1.12.tgz. Extracting by manifest.
229 silly tarball no local data for call-bound@https://registry.npmjs.org/call-bound/-/call-bound-1.0.4.tgz. Extracting by manifest.
230 silly tarball no local data for iconv-lite@https://registry.npmjs.org/iconv-lite/-/iconv-lite-0.7.0.tgz. Extracting by manifest.
231 silly tarball no local data for statuses@https://registry.npmjs.org/statuses/-/statuses-2.0.1.tgz. Extracting by manifest.
232 silly tarball no local data for body-parser@https://registry.npmjs.org/body-parser/-/body-parser-2.2.0.tgz. Extracting by manifest.
233 http fetch GET 200 https://registry.npmjs.org/npm 164ms
234 http fetch GET 200 https://registry.npmjs.org/to-regex-range/-/to-regex-range-5.0.1.tgz 113ms (cache miss)
235 http fetch GET 200 https://registry.npmjs.org/touch/-/touch-3.1.1.tgz 113ms (cache miss)
236 http fetch GET 200 https://registry.npmjs.org/side-channel/-/side-channel-1.1.0.tgz 135ms (cache miss)
237 http fetch GET 200 https://registry.npmjs.org/simple-update-notifier/-/simple-update-notifier-2.0.0.tgz 137ms (cache miss)
238 http fetch GET 200 https://registry.npmjs.org/setprototypeof/-/setprototypeof-1.2.0.tgz 155ms (cache miss)
239 http fetch GET 200 https://registry.npmjs.org/send/-/send-1.2.0.tgz 171ms (cache miss)
240 http fetch GET 200 https://registry.npmjs.org/side-channel-map/-/side-channel-map-1.0.1.tgz 172ms (cache miss)
241 http fetch GET 200 https://registry.npmjs.org/semver/-/semver-7.7.3.tgz 174ms (cache miss)
242 http fetch GET 200 https://registry.npmjs.org/vary/-/vary-1.1.2.tgz 198ms (cache miss)
243 http fetch GET 200 https://registry.npmjs.org/safe-buffer/-/safe-buffer-5.2.1.tgz 196ms (cache miss)
244 http fetch GET 200 https://registry.npmjs.org/supports-color/-/supports-color-5.5.0.tgz 203ms (cache miss)
245 http fetch GET 200 https://registry.npmjs.org/readdirp/-/readdirp-3.6.0.tgz 208ms (cache miss)
246 http fetch GET 200 https://registry.npmjs.org/safer-buffer/-/safer-buffer-2.1.2.tgz 209ms (cache miss)
247 http fetch GET 200 https://registry.npmjs.org/router/-/router-2.2.0.tgz 235ms (cache miss)
248 http fetch GET 200 https://registry.npmjs.org/type-is/-/type-is-2.0.1.tgz 246ms (cache miss)
249 http fetch GET 200 https://registry.npmjs.org/proxy-addr/-/proxy-addr-2.0.7.tgz 255ms (cache miss)
250 http fetch GET 200 https://registry.npmjs.org/range-parser/-/range-parser-1.2.1.tgz 255ms (cache miss)
251 http fetch GET 200 https://registry.npmjs.org/raw-body/-/raw-body-3.0.1.tgz 265ms (cache miss)
252 http fetch GET 200 https://registry.npmjs.org/serve-static/-/serve-static-2.2.0.tgz 275ms (cache miss)
253 http fetch GET 200 https://registry.npmjs.org/unpipe/-/unpipe-1.0.0.tgz 294ms (cache miss)
254 http fetch GET 200 https://registry.npmjs.org/pstree.remy/-/pstree.remy-1.1.8.tgz 293ms (cache miss)
255 http fetch GET 200 https://registry.npmjs.org/path-to-regexp/-/path-to-regexp-8.3.0.tgz 297ms (cache miss)
256 http fetch GET 200 https://registry.npmjs.org/wrappy/-/wrappy-1.0.2.tgz 302ms (cache miss)
257 http fetch GET 200 https://registry.npmjs.org/qs/-/qs-6.14.0.tgz 299ms (cache miss)
258 http fetch GET 200 https://registry.npmjs.org/picomatch/-/picomatch-2.3.1.tgz 305ms (cache miss)
259 http fetch GET 200 https://registry.npmjs.org/on-finished/-/on-finished-2.4.1.tgz 308ms (cache miss)
260 http fetch GET 200 https://registry.npmjs.org/parseurl/-/parseurl-1.3.3.tgz 333ms (cache miss)
261 http fetch POST 200 https://registry.npmjs.org/-/npm/v1/security/advisories/bulk 449ms
262 silly audit report {}
263 http fetch GET 200 https://registry.npmjs.org/once/-/once-1.4.0.tgz 441ms (cache miss)
264 http fetch GET 200 https://registry.npmjs.org/ignore-by-default/-/ignore-by-default-1.0.1.tgz 442ms (cache miss)
265 http fetch GET 200 https://registry.npmjs.org/ms/-/ms-2.1.3.tgz 443ms (cache miss)
266 http fetch GET 200 https://registry.npmjs.org/is-binary-path/-/is-binary-path-2.1.0.tgz 443ms (cache miss)
267 http fetch GET 200 https://registry.npmjs.org/normalize-path/-/normalize-path-3.0.0.tgz 444ms (cache miss)
268 http fetch GET 200 https://registry.npmjs.org/http-errors/-/http-errors-2.0.0.tgz 444ms (cache miss)
269 http fetch GET 200 https://registry.npmjs.org/has-symbols/-/has-symbols-1.1.0.tgz 444ms (cache miss)
270 http fetch GET 200 https://registry.npmjs.org/object-assign/-/object-assign-4.1.1.tgz 445ms (cache miss)
271 http fetch GET 200 https://registry.npmjs.org/media-typer/-/media-typer-1.1.0.tgz 445ms (cache miss)
272 http fetch GET 200 https://registry.npmjs.org/mime-types/-/mime-types-3.0.1.tgz 446ms (cache miss)
273 http fetch GET 200 https://registry.npmjs.org/get-proto/-/get-proto-1.0.1.tgz 446ms (cache miss)
274 http fetch GET 200 https://registry.npmjs.org/negotiator/-/negotiator-1.0.0.tgz 447ms (cache miss)
275 http fetch GET 200 https://registry.npmjs.org/object-inspect/-/object-inspect-1.13.4.tgz 447ms (cache miss)
276 http fetch GET 200 https://registry.npmjs.org/mime-db/-/mime-db-1.54.0.tgz 447ms (cache miss)
277 http fetch GET 200 https://registry.npmjs.org/function-bind/-/function-bind-1.1.2.tgz 454ms (cache miss)
278 http fetch GET 200 https://registry.npmjs.org/glob-parent/-/glob-parent-5.1.2.tgz 461ms (cache miss)
279 http fetch GET 200 https://registry.npmjs.org/has-flag/-/has-flag-3.0.0.tgz 469ms (cache miss)
280 http fetch GET 200 https://registry.npmjs.org/express/-/express-5.1.0.tgz 470ms (cache miss)
281 http fetch GET 200 https://registry.npmjs.org/fsevents/-/fsevents-2.3.3.tgz 472ms (cache miss)
282 http fetch GET 200 https://registry.npmjs.org/escape-html/-/escape-html-1.0.3.tgz 489ms (cache miss)
283 http fetch GET 200 https://registry.npmjs.org/get-intrinsic/-/get-intrinsic-1.3.0.tgz 490ms (cache miss)
284 http fetch GET 200 https://registry.npmjs.org/fresh/-/fresh-2.0.0.tgz 494ms (cache miss)
285 http fetch GET 200 https://registry.npmjs.org/encodeurl/-/encodeurl-2.0.0.tgz 504ms (cache miss)
286 http fetch GET 200 https://registry.npmjs.org/fill-range/-/fill-range-7.1.1.tgz 509ms (cache miss)
287 http fetch GET 200 https://registry.npmjs.org/etag/-/etag-1.8.1.tgz 508ms (cache miss)
288 http fetch GET 200 https://registry.npmjs.org/es-define-property/-/es-define-property-1.0.1.tgz 509ms (cache miss)
289 http fetch GET 200 https://registry.npmjs.org/gopd/-/gopd-1.2.0.tgz 514ms (cache miss)
290 http fetch GET 200 https://registry.npmjs.org/dunder-proto/-/dunder-proto-1.0.1.tgz 534ms (cache miss)
291 http fetch GET 200 https://registry.npmjs.org/ee-first/-/ee-first-1.1.1.tgz 535ms (cache miss)
292 http fetch GET 200 https://registry.npmjs.org/cookie/-/cookie-0.7.2.tgz 539ms (cache miss)
293 http fetch GET 200 https://registry.npmjs.org/es-errors/-/es-errors-1.3.0.tgz 547ms (cache miss)
294 http fetch GET 200 https://registry.npmjs.org/debug/-/debug-4.4.3.tgz 552ms (cache miss)
295 http fetch GET 200 https://registry.npmjs.org/cors/-/cors-2.8.5.tgz 554ms (cache miss)
296 http fetch GET 200 https://registry.npmjs.org/finalhandler/-/finalhandler-2.1.0.tgz 560ms (cache miss)
297 http fetch GET 200 https://registry.npmjs.org/cookie-signature/-/cookie-signature-1.2.2.tgz 573ms (cache miss)
298 http fetch GET 200 https://registry.npmjs.org/depd/-/depd-2.0.0.tgz 574ms (cache miss)
299 http fetch GET 200 https://registry.npmjs.org/dotenv/-/dotenv-17.2.3.tgz 575ms (cache miss)
300 http fetch GET 200 https://registry.npmjs.org/chokidar/-/chokidar-3.6.0.tgz 582ms (cache miss)
301 http fetch GET 200 https://registry.npmjs.org/content-disposition/-/content-disposition-1.0.0.tgz 589ms (cache miss)
302 http fetch GET 200 https://registry.npmjs.org/content-type/-/content-type-1.0.5.tgz 592ms (cache miss)
303 http fetch GET 200 https://registry.npmjs.org/braces/-/braces-3.0.3.tgz 593ms (cache miss)
304 http fetch GET 200 https://registry.npmjs.org/call-bind-apply-helpers/-/call-bind-apply-helpers-1.0.2.tgz 594ms (cache miss)
305 http fetch GET 200 https://registry.npmjs.org/binary-extensions/-/binary-extensions-2.3.0.tgz 603ms (cache miss)
306 http fetch GET 200 https://registry.npmjs.org/anymatch/-/anymatch-3.1.3.tgz 617ms (cache miss)
307 http fetch GET 200 https://registry.npmjs.org/accepts/-/accepts-2.0.0.tgz 617ms (cache miss)
308 http fetch GET 200 https://registry.npmjs.org/merge-descriptors/-/merge-descriptors-2.0.0.tgz 633ms (cache miss)
309 http fetch GET 200 https://registry.npmjs.org/concat-map/-/concat-map-0.0.1.tgz 635ms (cache miss)
310 http fetch GET 200 https://registry.npmjs.org/balanced-match/-/balanced-match-1.0.2.tgz 637ms (cache miss)
311 http fetch GET 200 https://registry.npmjs.org/is-number/-/is-number-7.0.0.tgz 642ms (cache miss)
312 http fetch GET 200 https://registry.npmjs.org/is-promise/-/is-promise-4.0.0.tgz 647ms (cache miss)
313 http fetch GET 200 https://registry.npmjs.org/math-intrinsics/-/math-intrinsics-1.1.0.tgz 654ms (cache miss)
314 http fetch GET 200 https://registry.npmjs.org/minimatch/-/minimatch-3.1.2.tgz 660ms (cache miss)
315 http fetch GET 200 https://registry.npmjs.org/bytes/-/bytes-3.1.2.tgz 665ms (cache miss)
316 http fetch GET 200 https://registry.npmjs.org/is-glob/-/is-glob-4.0.3.tgz 683ms (cache miss)
317 http fetch GET 200 https://registry.npmjs.org/hasown/-/hasown-2.0.2.tgz 689ms (cache miss)
318 http fetch GET 200 https://registry.npmjs.org/@google/generative-ai/-/generative-ai-0.24.1.tgz 691ms (cache miss)
319 http fetch GET 200 https://registry.npmjs.org/iconv-lite/-/iconv-lite-0.6.3.tgz 692ms (cache miss)
320 http fetch GET 200 https://registry.npmjs.org/nodemon/-/nodemon-3.1.10.tgz 696ms (cache miss)
321 http fetch GET 200 https://registry.npmjs.org/is-extglob/-/is-extglob-2.1.1.tgz 695ms (cache miss)
322 http fetch GET 200 https://registry.npmjs.org/forwarded/-/forwarded-0.2.0.tgz 695ms (cache miss)
323 http fetch GET 200 https://registry.npmjs.org/ipaddr.js/-/ipaddr.js-1.9.1.tgz 705ms (cache miss)
324 http fetch GET 200 https://registry.npmjs.org/inherits/-/inherits-2.0.4.tgz 709ms (cache miss)
325 http fetch GET 200 https://registry.npmjs.org/statuses/-/statuses-2.0.1.tgz 716ms (cache miss)
326 http fetch GET 200 https://registry.npmjs.org/body-parser/-/body-parser-2.2.0.tgz 717ms (cache miss)
327 http fetch GET 200 https://registry.npmjs.org/brace-expansion/-/brace-expansion-1.1.12.tgz 730ms (cache miss)
328 http fetch GET 200 https://registry.npmjs.org/iconv-lite/-/iconv-lite-0.7.0.tgz 731ms (cache miss)
329 http fetch GET 200 https://registry.npmjs.org/es-object-atoms/-/es-object-atoms-1.1.1.tgz 736ms (cache miss)
330 http fetch GET 200 https://registry.npmjs.org/call-bound/-/call-bound-1.0.4.tgz 769ms (cache miss)
331 http fetch GET 200 https://registry.npmjs.org/toidentifier/-/toidentifier-1.0.1.tgz 951ms (cache miss)
332 http fetch GET 200 https://registry.npmjs.org/statuses/-/statuses-2.0.2.tgz 962ms (cache miss)
333 http fetch GET 200 https://registry.npmjs.org/side-channel-weakmap/-/side-channel-weakmap-1.0.2.tgz 971ms (cache miss)
334 http fetch GET 200 https://registry.npmjs.org/undefsafe/-/undefsafe-2.0.5.tgz 975ms (cache miss)
335 http fetch GET 200 https://registry.npmjs.org/side-channel-list/-/side-channel-list-1.0.0.tgz 985ms (cache miss)
336 silly ADD node_modules/wrappy
337 silly ADD node_modules/vary
338 silly ADD node_modules/unpipe
339 silly ADD node_modules/undefsafe
340 silly ADD node_modules/type-is
341 silly ADD node_modules/touch
342 silly ADD node_modules/toidentifier
343 silly ADD node_modules/to-regex-range
344 silly ADD node_modules/supports-color
345 silly ADD node_modules/statuses
346 silly ADD node_modules/simple-update-notifier
347 silly ADD node_modules/side-channel-weakmap
348 silly ADD node_modules/side-channel-map
349 silly ADD node_modules/side-channel-list
350 silly ADD node_modules/side-channel
351 silly ADD node_modules/setprototypeof
352 silly ADD node_modules/serve-static
353 silly ADD node_modules/send
354 silly ADD node_modules/semver
355 silly ADD node_modules/safer-buffer
356 silly ADD node_modules/safe-buffer
357 silly ADD node_modules/router
358 silly ADD node_modules/readdirp
359 silly ADD node_modules/raw-body
360 silly ADD node_modules/raw-body/node_modules/iconv-lite
361 silly ADD node_modules/range-parser
362 silly ADD node_modules/qs
363 silly ADD node_modules/pstree.remy
364 silly ADD node_modules/proxy-addr
365 silly ADD node_modules/picomatch
366 silly ADD node_modules/path-to-regexp
367 silly ADD node_modules/parseurl
368 silly ADD node_modules/once
369 silly ADD node_modules/on-finished
370 silly ADD node_modules/object-inspect
371 silly ADD node_modules/object-assign
372 silly ADD node_modules/normalize-path
373 silly ADD node_modules/negotiator
374 silly ADD node_modules/ms
375 silly ADD node_modules/mime-types
376 silly ADD node_modules/mime-db
377 silly ADD node_modules/media-typer
378 silly ADD node_modules/is-binary-path
379 silly ADD node_modules/ignore-by-default
380 silly ADD node_modules/http-errors
381 silly ADD node_modules/http-errors/node_modules/statuses
382 silly ADD node_modules/has-symbols
383 silly ADD node_modules/has-flag
384 silly ADD node_modules/gopd
385 silly ADD node_modules/glob-parent
386 silly ADD node_modules/get-proto
387 silly ADD node_modules/get-intrinsic
388 silly ADD node_modules/function-bind
389 silly ADD node_modules/fsevents
390 silly ADD node_modules/fresh
391 silly ADD node_modules/finalhandler
392 silly ADD node_modules/fill-range
393 silly ADD node_modules/express
394 silly ADD node_modules/etag
395 silly ADD node_modules/escape-html
396 silly ADD node_modules/es-errors
397 silly ADD node_modules/es-define-property
398 silly ADD node_modules/encodeurl
399 silly ADD node_modules/ee-first
400 silly ADD node_modules/dunder-proto
401 silly ADD node_modules/dotenv
402 silly ADD node_modules/depd
403 silly ADD node_modules/debug
404 silly ADD node_modules/cors
405 silly ADD node_modules/cookie-signature
406 silly ADD node_modules/cookie
407 silly ADD node_modules/content-type
408 silly ADD node_modules/content-disposition
409 silly ADD node_modules/concat-map
410 silly ADD node_modules/chokidar
411 silly ADD node_modules/call-bind-apply-helpers
412 silly ADD node_modules/bytes
413 silly ADD node_modules/braces
414 silly ADD node_modules/binary-extensions
415 silly ADD node_modules/balanced-match
416 silly ADD node_modules/anymatch
417 silly ADD node_modules/accepts
418 silly ADD node_modules/@google/generative-ai
419 silly CHANGE node_modules/nodemon
420 silly CHANGE node_modules/minimatch
421 silly CHANGE node_modules/merge-descriptors
422 silly CHANGE node_modules/math-intrinsics
423 silly CHANGE node_modules/is-promise
424 silly CHANGE node_modules/is-number
425 silly CHANGE node_modules/is-glob
426 silly CHANGE node_modules/is-extglob
427 silly CHANGE node_modules/ipaddr.js
428 silly CHANGE node_modules/inherits
429 silly CHANGE node_modules/iconv-lite
430 silly CHANGE node_modules/hasown
431 silly CHANGE node_modules/forwarded
432 silly CHANGE node_modules/es-object-atoms
433 silly CHANGE node_modules/brace-expansion
434 silly CHANGE node_modules/call-bound
435 silly CHANGE node_modules/body-parser
436 verbose cwd /Users/sanikavekhande/Documents/Github/deco3000_funtimes/founder-burnout-game
437 verbose os Darwin 24.6.0
438 verbose node v22.19.0
439 verbose npm  v10.9.3
440 notice
440 notice New major version of npm available! 10.9.3 -> 11.6.2
440 notice Changelog: https://github.com/npm/cli/releases/tag/v11.6.2
440 notice To update run: npm install -g npm@11.6.2
440 notice  { force: true, [Symbol(proc-log.meta)]: true }
441 verbose exit 0
442 info ok
